[ Oct 20 2012 11:59:02 ] [/var/www/ezpublish/app/ezpublish_legacy/lib/ezutils/classes/../../../var/cache/ini/site-c1623af31c16fc3ffee5a05097e95dd6.php]
[ Oct 20 2012 11:59:02 ] [/var/www/ezpublish/app/ezpublish_legacy/lib/ezutils/classes/../../../var/cache/ini/i18n-678d2accc237fa9079b9b3abc491748f.php]
[ Oct 20 2012 11:59:02 ] [/var/www/ezpublish/app/ezpublish_legacy/lib/ezutils/classes/../../../var/cache/ini/i18n-f7061ade0fe840d15a8c81f654b48eb1.php]
[ Oct 20 2012 11:59:02 ] [/var/www/ezpublish/app/ezpublish_legacy/lib/ezutils/classes/../../../var/cache/ini/template-c6ee29cf29032e5b4d98caef606d8fbd.php]
[ Oct 20 2012 11:59:02 ] [/var/www/ezpublish/app/ezpublish_legacy/lib/ezutils/classes/../../../var/cache/ini/debug-30b58d57277a91a861853a35747eb10e.php]
[ Oct 20 2012 11:59:02 ] [/var/www/ezpublish/app/ezpublish_legacy/lib/ezutils/classes/../../../var/cache/ini/site-9e6a5f274e4c5f5946f815a4c087cd0b.php]
[ Oct 20 2012 11:59:02 ] [/var/www/ezpublish/app/ezpublish_legacy/lib/ezutils/classes/../../../var/cache/ini/module-545011a5ed09072872ff954949555404.php]
[ Oct 20 2012 11:59:02 ] [/var/www/ezpublish/app/ezpublish_legacy/lib/ezutils/classes/../../../var/cache/ini/site-47e35424336af3c2b858faec0dfb5832.php]
[ Oct 20 2012 11:59:02 ] [/var/www/ezpublish/app/ezpublish_legacy/lib/ezutils/classes/../../../var/cache/ini/debug-46e8111bb0d27c8335061d46f08eb95f.php]
[ Oct 20 2012 11:59:02 ] [/var/www/ezpublish/app/ezpublish_legacy/lib/ezutils/classes/../../../var/cache/ini/eng-GB-fde87b01b3f81b5edf150952bd4f2a9f.php]
[ Oct 20 2012 11:59:02 ] [/var/www/ezpublish/app/ezpublish_legacy/lib/ezutils/classes/../../../var/cache/ini/template-10aa81682c991512e89f91668a89d2cd.php]
[ Oct 20 2012 11:59:02 ] [/var/www/ezpublish/app/ezpublish_legacy/lib/ezutils/classes/../../../var/cache/ini/setup-f80ccd634b030662dddf13be07cc3f41.php]
[ Oct 20 2012 11:59:02 ] [/var/www/ezpublish/app/ezpublish_legacy/lib/ezutils/classes/../../../var/cache/ini/image-061f43bd2501d9986e554ac57d42dd59.php]
[ Oct 20 2012 11:59:02 ] [/var/www/ezpublish/app/ezpublish_legacy/lib/ezutils/classes/../../../var/cache/ini/ara-SA-d7611065dd32a9f39013304a0c940739.php]
[ Oct 20 2012 11:59:02 ] [/var/www/ezpublish/app/ezpublish_legacy/lib/ezutils/classes/../../../var/cache/ini/cat-ES-5de314e1b50a6dbb83024bfce4df6b58.php]
[ Oct 20 2012 11:59:02 ] [/var/www/ezpublish/app/ezpublish_legacy/lib/ezutils/classes/../../../var/cache/ini/chi-CN-80d5867f5398a260afbc0088690cb9f0.php]
[ Oct 20 2012 11:59:02 ] [/var/www/ezpublish/app/ezpublish_legacy/lib/ezutils/classes/../../../var/cache/ini/chi-HK-806abe08185a16aa8ac9484156a239c1.php]
[ Oct 20 2012 11:59:02 ] [/var/www/ezpublish/app/ezpublish_legacy/lib/ezutils/classes/../../../var/cache/ini/chi-TW-23c0f2dbb066c2581b0f68193b79e418.php]
[ Oct 20 2012 11:59:02 ] [/var/www/ezpublish/app/ezpublish_legacy/lib/ezutils/classes/../../../var/cache/ini/cro-HR-5095b2c96391511a5c50b59650aa9798.php]
[ Oct 20 2012 11:59:02 ] [/var/www/ezpublish/app/ezpublish_legacy/lib/ezutils/classes/../../../var/cache/ini/cze-CZ-b497c22895fa7f818a236c35ed933959.php]
[ Oct 20 2012 11:59:02 ] [/var/www/ezpublish/app/ezpublish_legacy/lib/ezutils/classes/../../../var/cache/ini/dan-DK-cede7ce4ea05c1dc2a9d5a5137f718aa.php]
[ Oct 20 2012 11:59:02 ] [/var/www/ezpublish/app/ezpublish_legacy/lib/ezutils/classes/../../../var/cache/ini/dut-NL-583936d300e3fbbdcb15aaa71bb3eafd.php]
[ Oct 20 2012 11:59:02 ] [/var/www/ezpublish/app/ezpublish_legacy/lib/ezutils/classes/../../../var/cache/ini/ell-GR-3ff6e3a84c4a06620660919d787b2824.php]
[ Oct 20 2012 11:59:02 ] [/var/www/ezpublish/app/ezpublish_legacy/lib/ezutils/classes/../../../var/cache/ini/eng-AU-2ef18501ef0a06902abfbcfacce1fb32.php]
[ Oct 20 2012 11:59:02 ] [/var/www/ezpublish/app/ezpublish_legacy/lib/ezutils/classes/../../../var/cache/ini/eng-CA-598c28cb642a757954774e28c22f46a3.php]
[ Oct 20 2012 11:59:02 ] [/var/www/ezpublish/app/ezpublish_legacy/lib/ezutils/classes/../../../var/cache/ini/eng-GB@euro-df728234ba07f6bb585fcad362ab5a7a.php]
[ Oct 20 2012 11:59:02 ] [/var/www/ezpublish/app/ezpublish_legacy/lib/ezutils/classes/../../../var/cache/ini/eng-NZ-793ff62f408575739a56c9c60f22fe96.php]
[ Oct 20 2012 11:59:02 ] [/var/www/ezpublish/app/ezpublish_legacy/lib/ezutils/classes/../../../var/cache/ini/eng-US-042313e4942d68c1e77cd24e2093fef6.php]
[ Oct 20 2012 11:59:02 ] [/var/www/ezpublish/app/ezpublish_legacy/lib/ezutils/classes/../../../var/cache/ini/epo-EO-7d80dcb40306118d089eee2ab124c0f2.php]
[ Oct 20 2012 11:59:02 ] [/var/www/ezpublish/app/ezpublish_legacy/lib/ezutils/classes/../../../var/cache/ini/esl-ES-6ebad864f6037c863c0b3db433915c63.php]
[ Oct 20 2012 11:59:02 ] [/var/www/ezpublish/app/ezpublish_legacy/lib/ezutils/classes/../../../var/cache/ini/esl-MX-0943cb44951495eea6ff944f63464d66.php]
[ Oct 20 2012 11:59:02 ] [/var/www/ezpublish/app/ezpublish_legacy/lib/ezutils/classes/../../../var/cache/ini/fin-FI-b85f6e8fa9a8048c0259aaedcfff6a5a.php]
[ Oct 20 2012 11:59:02 ] [/var/www/ezpublish/app/ezpublish_legacy/lib/ezutils/classes/../../../var/cache/ini/fre-BE-fff5d39abcfb324f1cc4ce0731225c07.php]
[ Oct 20 2012 11:59:02 ] [/var/www/ezpublish/app/ezpublish_legacy/lib/ezutils/classes/../../../var/cache/ini/fre-CA-fd99715b477ccbc5c0cb145babe084e6.php]
[ Oct 20 2012 11:59:02 ] [/var/www/ezpublish/app/ezpublish_legacy/lib/ezutils/classes/../../../var/cache/ini/fre-FR-f5478cff544a32fa19ff5f4cf6283618.php]
[ Oct 20 2012 11:59:02 ] [/var/www/ezpublish/app/ezpublish_legacy/lib/ezutils/classes/../../../var/cache/ini/ger-DE-241ef5b5a10fece395e86f1503898809.php]
[ Oct 20 2012 11:59:02 ] [/var/www/ezpublish/app/ezpublish_legacy/lib/ezutils/classes/../../../var/cache/ini/ger-DE@euro-e80faaf77d34bdb684645f7add24b6f0.php]
[ Oct 20 2012 11:59:02 ] [/var/www/ezpublish/app/ezpublish_legacy/lib/ezutils/classes/../../../var/cache/ini/heb-IL-b6a6f803ac652d77982e751638c978b7.php]
[ Oct 20 2012 11:59:02 ] [/var/www/ezpublish/app/ezpublish_legacy/lib/ezutils/classes/../../../var/cache/ini/hin-IN-8b3e110469b96aba3ceda677c6609d89.php]
[ Oct 20 2012 11:59:02 ] [/var/www/ezpublish/app/ezpublish_legacy/lib/ezutils/classes/../../../var/cache/ini/hun-HU-d90051e5c8a958dc54dab84dd9d05ef5.php]
[ Oct 20 2012 11:59:02 ] [/var/www/ezpublish/app/ezpublish_legacy/lib/ezutils/classes/../../../var/cache/ini/ind-ID-c6c1c1ddd2e12fc1020f4f1c6f94aacd.php]
[ Oct 20 2012 11:59:02 ] [/var/www/ezpublish/app/ezpublish_legacy/lib/ezutils/classes/../../../var/cache/ini/ita-IT-786f14376e6eadb87181177522bb07ad.php]
[ Oct 20 2012 11:59:02 ] [/var/www/ezpublish/app/ezpublish_legacy/lib/ezutils/classes/../../../var/cache/ini/jpn-JP-d8391cbf0dc8370fdd88b6f967267b74.php]
[ Oct 20 2012 11:59:02 ] [/var/www/ezpublish/app/ezpublish_legacy/lib/ezutils/classes/../../../var/cache/ini/jpn-JP@international-fe5697d4d0358f91f0380e9e80102d39.php]
[ Oct 20 2012 11:59:02 ] [/var/www/ezpublish/app/ezpublish_legacy/lib/ezutils/classes/../../../var/cache/ini/kor-KR-ddeae0d9613dcacbf6b89e50d550f2e3.php]
[ Oct 20 2012 11:59:02 ] [/var/www/ezpublish/app/ezpublish_legacy/lib/ezutils/classes/../../../var/cache/ini/nno-NO-458a8b236bd850c6fda2052c2b6be0cf.php]
[ Oct 20 2012 11:59:02 ] [/var/www/ezpublish/app/ezpublish_legacy/lib/ezutils/classes/../../../var/cache/ini/nor-NO-dd4cda0ae0b24e6290955cf2e8d3ada1.php]
[ Oct 20 2012 11:59:02 ] [/var/www/ezpublish/app/ezpublish_legacy/lib/ezutils/classes/../../../var/cache/ini/nor-NO@intl-496c5526d6224152276c9882805be8af.php]
[ Oct 20 2012 11:59:02 ] [/var/www/ezpublish/app/ezpublish_legacy/lib/ezutils/classes/../../../var/cache/ini/nor-NO@spraakraad-88b50bda44753b39db004cd87bbd91ba.php]
[ Oct 20 2012 11:59:02 ] [/var/www/ezpublish/app/ezpublish_legacy/lib/ezutils/classes/../../../var/cache/ini/pol-PL-600319def3a58d37afc248146baf0880.php]
[ Oct 20 2012 11:59:02 ] [/var/www/ezpublish/app/ezpublish_legacy/lib/ezutils/classes/../../../var/cache/ini/por-BR-d8c661875766a3123dbf3909e4381cf6.php]
[ Oct 20 2012 11:59:02 ] [/var/www/ezpublish/app/ezpublish_legacy/lib/ezutils/classes/../../../var/cache/ini/por-MZ-765bcdfefa902f55a2ca9ccc11a80dc8.php]
[ Oct 20 2012 11:59:02 ] [/var/www/ezpublish/app/ezpublish_legacy/lib/ezutils/classes/../../../var/cache/ini/por-PT-eb9a4b329b2e258debb3249d2d8a3cd5.php]
[ Oct 20 2012 11:59:02 ] [/var/www/ezpublish/app/ezpublish_legacy/lib/ezutils/classes/../../../var/cache/ini/por-PT@euro-fb98c72f8a194611b9f1710656cef168.php]
[ Oct 20 2012 11:59:02 ] [/var/www/ezpublish/app/ezpublish_legacy/lib/ezutils/classes/../../../var/cache/ini/rus-RU-9b9e46884e598d2a303f62a72b3e7da1.php]
[ Oct 20 2012 11:59:02 ] [/var/www/ezpublish/app/ezpublish_legacy/lib/ezutils/classes/../../../var/cache/ini/ser-SR-406f78f2416a42a0fbbc177e26011b48.php]
[ Oct 20 2012 11:59:02 ] [/var/www/ezpublish/app/ezpublish_legacy/lib/ezutils/classes/../../../var/cache/ini/slk-SK-707cda1a78730b4c081e41298c4314d2.php]
[ Oct 20 2012 11:59:02 ] [/var/www/ezpublish/app/ezpublish_legacy/lib/ezutils/classes/../../../var/cache/ini/srp-RS-3496ed62a799c50c00a7a14a44931462.php]
[ Oct 20 2012 11:59:02 ] [/var/www/ezpublish/app/ezpublish_legacy/lib/ezutils/classes/../../../var/cache/ini/swe-SE-65cebee6e0527092baeae7865d07f357.php]
[ Oct 20 2012 11:59:02 ] [/var/www/ezpublish/app/ezpublish_legacy/lib/ezutils/classes/../../../var/cache/ini/tur-TR-999427ca8ebb60db391103fd04ed6bc5.php]
[ Oct 20 2012 11:59:02 ] [/var/www/ezpublish/app/ezpublish_legacy/lib/ezutils/classes/../../../var/cache/ini/ukr-UA-adc4b1dd705a2f9ea7ad8d69aadfcc5c.php]
[ Oct 20 2012 11:59:02 ] [/var/www/ezpublish/app/ezpublish_legacy/lib/ezutils/classes/../../../var/cache/ini/override-b273bc2282a1ed186eaf2a34466f24b0.php]
[ Oct 20 2012 11:59:02 ] [/var/www/ezpublish/app/ezpublish_legacy/lib/ezutils/classes/../../../var/cache/ini/design-dad815461d1f98f6463ba338a5a4793c.php]
[ Oct 20 2012 11:59:02 ] [/var/www/ezpublish/app/ezpublish_legacy/lib/ezutils/classes/../../../var/cache/ini/file-848aa7d19f451e6fafbf9f741f34bc26.php]
[ Oct 20 2012 11:59:02 ] [/var/www/ezpublish/app/ezpublish_legacy/lib/ezutils/classes/../../../var/cache/ini/menu-409972287bb1cd0a01a3f4f31cd7ac07.php]
[ Oct 20 2012 12:06:08 ] [/var/www/ezpublish/app/ezpublish_legacy/lib/ezutils/classes/../../../var/cache/ini/i18n-bb65f126ff6b78c0256972371f2435cb.php]
[ Oct 20 2012 12:06:08 ] [/var/www/ezpublish/app/ezpublish_legacy/lib/ezutils/classes/../../../var/cache/ini/package-e90c1de59ed64b6ce203c8035a299947.php]
[ Oct 20 2012 12:07:11 ] [/var/www/ezpublish/app/ezpublish_legacy/lib/ezutils/classes/../../../var/cache/ini/transform-083d011d20afbbfd0e2067a9cd047be1.php]
[ Oct 20 2012 12:07:11 ] [var/cache/codepages/36e48c5d322c489dd3ee4e51ffda1494.php]
[ Oct 20 2012 12:07:11 ] [var/cache/trans/g-urlalias-1350215278-utf-8.ctt.php]
[ Oct 20 2012 12:07:11 ] [var/cache/trans/g-identifier-2166825758-utf-8.ctt.php]
[ Oct 20 2012 12:07:11 ] [var/storage/packages/eZ-systems/ezwebin_site/.cache/package.php]
[ Oct 20 2012 12:07:13 ] [var/storage/packages/eZ-systems/ezwt_extension/.cache/package.php]
[ Oct 20 2012 12:07:15 ] [var/storage/packages/eZ-systems/ezstarrating_extension/.cache/package.php]
[ Oct 20 2012 12:07:16 ] [var/storage/packages/eZ-systems/ezgmaplocation_extension/.cache/package.php]
[ Oct 20 2012 12:07:20 ] [var/storage/packages/eZ-systems/ezwebin_extension/.cache/package.php]
[ Oct 20 2012 12:07:20 ] [var/storage/packages/eZ-systems/ezwebin_classes/.cache/package.php]
[ Oct 20 2012 12:07:23 ] [var/storage/packages/eZ-systems/ezwebin_banners/.cache/package.php]
[ Oct 20 2012 12:07:35 ] [var/storage/packages/eZ-systems/ezwebin_democontent/.cache/package.php]
[ Oct 20 2012 12:07:36 ] [var/storage/packages/eZ-systems/ezwebin_design_cleangray/.cache/package.php]
[ Oct 20 2012 12:07:37 ] [var/storage/packages/eZ-systems/ezwebin_design_gray/.cache/package.php]
[ Oct 20 2012 12:07:38 ] [var/storage/packages/eZ-systems/ezwebin_design_blue/.cache/package.php]
[ Oct 20 2012 12:13:00 ] [/var/www/ezpublish/app/ezpublish_legacy/lib/ezutils/classes/../../../var/cache/ini/units-39ceb6a52e2b2bd342cb186f07062be9.php]
[ Oct 20 2012 12:13:53 ] [/var/www/ezpublish/app/ezpublish_legacy/lib/ezutils/classes/../../../var/cache/ini/dbschema-01671b256f21084cb9af907af8e60936.php]
[ Oct 20 2012 12:13:55 ] [/var/www/ezpublish/app/ezpublish_legacy/lib/ezutils/classes/../../../var/cache/ini/content-b05775d570376710075131a82033cd49.php]
[ Oct 20 2012 12:15:09 ] [var/cache/override/override_8e90b0d63025faec1ef0ecd38da41be2.php]
[ Oct 20 2012 12:20:27 ] [var/cache/translation/f1fa2db4683ed697d014961bf03dd47c/fre-FR/c289b3ed89e7dee8a3a352a77b308232.php]
[ Oct 20 2012 12:20:27 ] [var/cache/translation/f1fa2db4683ed697d014961bf03dd47c/fre-FR/8994ca91ad83b44dc9086410d8bf4ebe.php]
[ Oct 20 2012 12:20:27 ] [var/cache/translation/f1fa2db4683ed697d014961bf03dd47c/fre-FR/31c13f47ad87dd7baa2d558a91e0fbb9.php]
[ Oct 20 2012 12:20:27 ] [var/cache/translation/f1fa2db4683ed697d014961bf03dd47c/fre-FR/bc51e29a14f2e3fe88784ab0fc855b78.php]
[ Oct 20 2012 12:20:27 ] [var/cache/translation/f1fa2db4683ed697d014961bf03dd47c/fre-FR/c1336e7574d22fd48150bcf11ee01e7c.php]
[ Oct 20 2012 12:20:27 ] [var/cache/translation/f1fa2db4683ed697d014961bf03dd47c/fre-FR/d0dacb89c3f2673c993a6c4a20dcfec0.php]
[ Oct 20 2012 12:20:27 ] [var/cache/translation/f1fa2db4683ed697d014961bf03dd47c/fre-FR/df040ccff08a8acdcaa56e7d96af635a.php]
[ Oct 20 2012 12:20:27 ] [var/cache/translation/f1fa2db4683ed697d014961bf03dd47c/fre-FR/d1ffd70cb6e91c5ba56e5831e64a94eb.php]
[ Oct 20 2012 12:20:27 ] [var/cache/translation/f1fa2db4683ed697d014961bf03dd47c/fre-FR/49553db8d7bc5ac1ce5e0bb5bc852f0c.php]
[ Oct 20 2012 12:20:27 ] [var/cache/translation/f1fa2db4683ed697d014961bf03dd47c/fre-FR/76187acd173d8f8ac7c9fe3e21615e19.php]
[ Oct 20 2012 12:20:27 ] [var/cache/translation/f1fa2db4683ed697d014961bf03dd47c/fre-FR/36a9108f9c02916acdc13679e7ebf825.php]
[ Oct 20 2012 12:20:27 ] [var/cache/translation/f1fa2db4683ed697d014961bf03dd47c/fre-FR/d855d89240be924aa6916a46a19f986d.php]
[ Oct 20 2012 12:20:27 ] [var/cache/translation/f1fa2db4683ed697d014961bf03dd47c/fre-FR/70d897de0f456a1fa6cf98d7c448887c.php]
[ Oct 20 2012 12:20:27 ] [var/cache/translation/f1fa2db4683ed697d014961bf03dd47c/fre-FR/f7e214fe4ed7ebbc781f27d209ed7aa1.php]
[ Oct 20 2012 12:20:27 ] [var/cache/translation/f1fa2db4683ed697d014961bf03dd47c/fre-FR/367aae62c29bb05f8b5f945afdb27930.php]
[ Oct 20 2012 12:20:27 ] [var/cache/translation/f1fa2db4683ed697d014961bf03dd47c/fre-FR/ea03612dc6235478341a57206f981319.php]
[ Oct 20 2012 12:20:27 ] [var/cache/translation/f1fa2db4683ed697d014961bf03dd47c/fre-FR/e85595b58e9ab792e50ae2bdbf6d8f8c.php]
[ Oct 20 2012 12:20:27 ] [var/cache/translation/f1fa2db4683ed697d014961bf03dd47c/fre-FR/afced080b3d75515a1e4e56b12a3f015.php]
[ Oct 20 2012 12:20:27 ] [var/cache/translation/f1fa2db4683ed697d014961bf03dd47c/fre-FR/b0c5074382b446d5ffa28d03c9039f0c.php]
[ Oct 20 2012 12:20:27 ] [var/cache/translation/f1fa2db4683ed697d014961bf03dd47c/fre-FR/c88e23444d7a8f6b05189f0c567f075b.php]
[ Oct 20 2012 12:20:27 ] [var/cache/translation/f1fa2db4683ed697d014961bf03dd47c/fre-FR/7f7330910538dedd084ae50285ad02ab.php]
[ Oct 20 2012 12:20:27 ] [var/cache/translation/f1fa2db4683ed697d014961bf03dd47c/fre-FR/28ac242adbc9f6ec8f17ce3e160febc4.php]
[ Oct 20 2012 12:20:27 ] [var/cache/translation/f1fa2db4683ed697d014961bf03dd47c/fre-FR/f2fb430e5e508228e1ef1151e290e834.php]
[ Oct 20 2012 12:20:27 ] [var/cache/translation/f1fa2db4683ed697d014961bf03dd47c/fre-FR/36c1459bf31f5be8ca2a17dc4ecb73a5.php]
[ Oct 20 2012 12:20:27 ] [var/cache/translation/f1fa2db4683ed697d014961bf03dd47c/fre-FR/00496fbf6c90f13617af39df3e291253.php]
[ Oct 20 2012 12:20:27 ] [var/cache/translation/f1fa2db4683ed697d014961bf03dd47c/fre-FR/9f4fa29653bf2279a94725470a1fe11c.php]
[ Oct 20 2012 12:20:27 ] [var/cache/translation/f1fa2db4683ed697d014961bf03dd47c/fre-FR/edbd862e921e97f58d54abb7a3216999.php]
[ Oct 20 2012 12:20:27 ] [var/cache/translation/f1fa2db4683ed697d014961bf03dd47c/fre-FR/866d1e99d911ec636b871378c1d2f0e7.php]
[ Oct 20 2012 12:20:27 ] [var/cache/translation/f1fa2db4683ed697d014961bf03dd47c/fre-FR/c0f1d843f972d320a9dcb9bcccf6fe5e.php]
[ Oct 20 2012 12:20:27 ] [var/cache/translation/f1fa2db4683ed697d014961bf03dd47c/fre-FR/d5fa73f0c1b916f948ab420475b3c7ae.php]
[ Oct 20 2012 12:20:27 ] [var/cache/translation/f1fa2db4683ed697d014961bf03dd47c/fre-FR/ae3de24ca63898d804f49d32f3007c97.php]
[ Oct 20 2012 12:20:27 ] [var/cache/translation/f1fa2db4683ed697d014961bf03dd47c/fre-FR/c368d49687b59d4e37037374847e917c.php]
[ Oct 20 2012 12:20:27 ] [var/cache/translation/f1fa2db4683ed697d014961bf03dd47c/fre-FR/3737d512db41ed5186b9f242f809bf94.php]
[ Oct 20 2012 12:20:27 ] [var/cache/translation/f1fa2db4683ed697d014961bf03dd47c/fre-FR/6b7aef5a54c5ee709f2663a42f2646d7.php]
[ Oct 20 2012 12:20:27 ] [var/cache/translation/f1fa2db4683ed697d014961bf03dd47c/fre-FR/d7c297709d7b6c91720d61d2aef49e7b.php]
[ Oct 20 2012 12:20:27 ] [var/cache/translation/f1fa2db4683ed697d014961bf03dd47c/fre-FR/1333385cbcef55b40a339520a645427f.php]
[ Oct 20 2012 12:20:27 ] [var/cache/translation/f1fa2db4683ed697d014961bf03dd47c/fre-FR/b1d8733708d8a8df39bf2efeac82186b.php]
[ Oct 20 2012 12:20:27 ] [var/cache/translation/f1fa2db4683ed697d014961bf03dd47c/fre-FR/d11fe65c3d8c681abbff827365106b24.php]
[ Oct 20 2012 12:20:27 ] [var/cache/translation/f1fa2db4683ed697d014961bf03dd47c/fre-FR/8fd18226acb14e5346711e18e7d1a536.php]
[ Oct 20 2012 12:20:27 ] [var/cache/translation/f1fa2db4683ed697d014961bf03dd47c/fre-FR/3bb945a0d9ac47be81d5bc1355d41c65.php]
[ Oct 20 2012 12:20:27 ] [var/cache/translation/f1fa2db4683ed697d014961bf03dd47c/fre-FR/8b181cddef7bb285d51fbf3cb9126d35.php]
[ Oct 20 2012 12:20:27 ] [var/cache/translation/f1fa2db4683ed697d014961bf03dd47c/fre-FR/45a867721700bbdff78aa95e4965a460.php]
[ Oct 20 2012 12:20:27 ] [var/cache/translation/f1fa2db4683ed697d014961bf03dd47c/fre-FR/f548c8313a8f2076748b6069a44f0c01.php]
[ Oct 20 2012 12:20:27 ] [var/cache/translation/f1fa2db4683ed697d014961bf03dd47c/fre-FR/e5593983b84bf866abab665c63bf8180.php]
[ Oct 20 2012 12:20:27 ] [var/cache/translation/f1fa2db4683ed697d014961bf03dd47c/fre-FR/a3e18e7bc75803b84487633febe2b4c0.php]
[ Oct 20 2012 12:20:27 ] [var/cache/translation/f1fa2db4683ed697d014961bf03dd47c/fre-FR/15b28dd6cab18367958292777bff1965.php]
[ Oct 20 2012 12:20:27 ] [var/cache/translation/f1fa2db4683ed697d014961bf03dd47c/fre-FR/1574328ce790283d123e0c4b316a9491.php]
[ Oct 20 2012 12:20:27 ] [var/cache/translation/f1fa2db4683ed697d014961bf03dd47c/fre-FR/7e66c1d7d7ca3f2160e55b623e3ca632.php]
[ Oct 20 2012 12:20:27 ] [var/cache/translation/f1fa2db4683ed697d014961bf03dd47c/fre-FR/2ef5145c7383bc4f9a2f4b276530c5ac.php]
[ Oct 20 2012 12:20:27 ] [var/cache/translation/f1fa2db4683ed697d014961bf03dd47c/fre-FR/e1865bb9511c2e58519696970e878347.php]
[ Oct 20 2012 12:20:27 ] [var/cache/translation/f1fa2db4683ed697d014961bf03dd47c/fre-FR/f8f9556ff690dd8ee15b9eb67eaf89ed.php]
[ Oct 20 2012 12:20:27 ] [var/cache/translation/f1fa2db4683ed697d014961bf03dd47c/fre-FR/c1579644ebe1737341d3b36a8b49b436.php]
[ Oct 20 2012 12:20:27 ] [var/cache/translation/f1fa2db4683ed697d014961bf03dd47c/fre-FR/a586266882239d531fc73588e704f455.php]
[ Oct 20 2012 12:20:27 ] [var/cache/translation/f1fa2db4683ed697d014961bf03dd47c/fre-FR/650b8a8038289d93cf103aaa7e1a469f.php]
[ Oct 20 2012 12:20:27 ] [var/cache/translation/f1fa2db4683ed697d014961bf03dd47c/fre-FR/bb1b35ef5dc34568ffed35d2fd226b7e.php]
[ Oct 20 2012 12:20:27 ] [var/cache/translation/f1fa2db4683ed697d014961bf03dd47c/fre-FR/16a0cc7b534fea5f4092b8f8ff6acf55.php]
[ Oct 20 2012 12:20:27 ] [var/cache/translation/f1fa2db4683ed697d014961bf03dd47c/fre-FR/07b4b64be5d0a2be01cf66041516d98d.php]
[ Oct 20 2012 12:20:27 ] [var/cache/translation/f1fa2db4683ed697d014961bf03dd47c/fre-FR/aeed7d025634ff244176b23f18b6bac7.php]
[ Oct 20 2012 12:20:27 ] [var/cache/translation/f1fa2db4683ed697d014961bf03dd47c/fre-FR/09b17593eec252334f55bf2486e378f8.php]
[ Oct 20 2012 12:20:27 ] [var/cache/translation/f1fa2db4683ed697d014961bf03dd47c/fre-FR/2a86eb8e754dd7aae2e6805dc18d619d.php]
[ Oct 20 2012 12:20:27 ] [var/cache/translation/f1fa2db4683ed697d014961bf03dd47c/fre-FR/afaa90fb30777aa167f4018bf7be8a86.php]
[ Oct 20 2012 12:20:27 ] [var/cache/translation/f1fa2db4683ed697d014961bf03dd47c/fre-FR/cf521a9885db8b5fc1cbdf7fcf8999a0.php]
[ Oct 20 2012 12:20:27 ] [var/cache/translation/f1fa2db4683ed697d014961bf03dd47c/fre-FR/8c49d63bafa24ad507e630d655fc6181.php]
[ Oct 20 2012 12:20:27 ] [var/cache/translation/f1fa2db4683ed697d014961bf03dd47c/fre-FR/fcc6affcf39fe6e846ac4420dc89a91d.php]
[ Oct 20 2012 12:20:27 ] [var/cache/translation/f1fa2db4683ed697d014961bf03dd47c/fre-FR/642756cb7c1cba8e5474914553f1a3d6.php]
[ Oct 20 2012 12:20:27 ] [var/cache/translation/f1fa2db4683ed697d014961bf03dd47c/fre-FR/307d19a4b79c9d07acd398a8002f9e7f.php]
[ Oct 20 2012 12:20:27 ] [var/cache/translation/f1fa2db4683ed697d014961bf03dd47c/fre-FR/4da78089051716a225f3ed9b633dd277.php]
[ Oct 20 2012 12:20:27 ] [var/cache/translation/f1fa2db4683ed697d014961bf03dd47c/fre-FR/3cb5e028c893807c13c27a8de8f26e7a.php]
[ Oct 20 2012 12:20:27 ] [var/cache/translation/f1fa2db4683ed697d014961bf03dd47c/fre-FR/791b1762e60c7fd2f70a3f256a85bf15.php]
[ Oct 20 2012 12:20:27 ] [var/cache/translation/f1fa2db4683ed697d014961bf03dd47c/fre-FR/c172ec7b4f46e28a408165f2b6bf483c.php]
[ Oct 20 2012 12:20:27 ] [var/cache/translation/f1fa2db4683ed697d014961bf03dd47c/fre-FR/d4f397cc85197c4eac4a8dfdfebe7e42.php]
[ Oct 20 2012 12:20:27 ] [var/cache/translation/f1fa2db4683ed697d014961bf03dd47c/fre-FR/df37b9c150a60874667eb427d329d345.php]
[ Oct 20 2012 12:20:27 ] [var/cache/translation/f1fa2db4683ed697d014961bf03dd47c/fre-FR/473f0131a05df64387972ac6c7ba5e25.php]
[ Oct 20 2012 12:20:27 ] [var/cache/translation/f1fa2db4683ed697d014961bf03dd47c/fre-FR/379208f1ed4615c0394eba9711e17199.php]
[ Oct 20 2012 12:20:27 ] [var/cache/translation/f1fa2db4683ed697d014961bf03dd47c/fre-FR/0622472e5668e6bbac125d7705bc59c4.php]
[ Oct 20 2012 12:20:27 ] [var/cache/translation/f1fa2db4683ed697d014961bf03dd47c/fre-FR/e6982809d28aee46d7ccfea590257e1e.php]
[ Oct 20 2012 12:20:27 ] [var/cache/translation/f1fa2db4683ed697d014961bf03dd47c/fre-FR/704209bb922cc08f7bb13aaf2bca8343.php]
[ Oct 20 2012 12:20:27 ] [var/cache/translation/f1fa2db4683ed697d014961bf03dd47c/fre-FR/ff246da9ed446182bafe7f6b8b7d721e.php]
[ Oct 20 2012 12:20:27 ] [var/cache/translation/f1fa2db4683ed697d014961bf03dd47c/fre-FR/346be7983e710257d4bb5c63902ab5b2.php]
[ Oct 20 2012 12:20:27 ] [var/cache/translation/f1fa2db4683ed697d014961bf03dd47c/fre-FR/2be9eb7bcb12382633fe3dbc1798ebe3.php]
[ Oct 20 2012 12:20:27 ] [var/cache/translation/f1fa2db4683ed697d014961bf03dd47c/fre-FR/1eaf26ccf870941bb2988826efc23f1e.php]
[ Oct 20 2012 12:20:27 ] [var/cache/translation/f1fa2db4683ed697d014961bf03dd47c/fre-FR/f810eab40cd8ea0e3c91f408405dcaa8.php]
[ Oct 20 2012 12:20:27 ] [var/cache/translation/f1fa2db4683ed697d014961bf03dd47c/fre-FR/cad1e8e06cef2534182e636cdaa00fbf.php]
[ Oct 20 2012 12:20:27 ] [var/cache/translation/f1fa2db4683ed697d014961bf03dd47c/fre-FR/d2b8740bda734b72c6becc643e532a50.php]
[ Oct 20 2012 12:20:27 ] [var/cache/translation/f1fa2db4683ed697d014961bf03dd47c/fre-FR/a44bd2be89e5590ae47a3356a60ecb92.php]
[ Oct 20 2012 12:20:27 ] [var/cache/translation/f1fa2db4683ed697d014961bf03dd47c/fre-FR/ce7024e0738fe038484d9bd6de5a9fcc.php]
[ Oct 20 2012 12:20:27 ] [var/cache/translation/f1fa2db4683ed697d014961bf03dd47c/fre-FR/5a5edc5a124d5136d3e86b22f659a06f.php]
[ Oct 20 2012 12:20:27 ] [var/cache/translation/f1fa2db4683ed697d014961bf03dd47c/fre-FR/579613e7ce5d1c3490d2c5513ca9cc40.php]
[ Oct 20 2012 12:20:27 ] [var/cache/translation/f1fa2db4683ed697d014961bf03dd47c/fre-FR/4c4a13db928fdfd498e6ba04301504c6.php]
[ Oct 20 2012 12:20:27 ] [var/cache/translation/f1fa2db4683ed697d014961bf03dd47c/fre-FR/013fd924da722b5ca5443d162599093a.php]
[ Oct 20 2012 12:20:27 ] [var/cache/translation/f1fa2db4683ed697d014961bf03dd47c/fre-FR/b9c3c41b41662b6c567e025760e4014a.php]
[ Oct 20 2012 12:20:27 ] [var/cache/translation/f1fa2db4683ed697d014961bf03dd47c/fre-FR/f8ea64cc1ccf895ebf28ca4ef8d2f522.php]
[ Oct 20 2012 12:20:27 ] [var/cache/translation/f1fa2db4683ed697d014961bf03dd47c/fre-FR/86ac527ad092ee2a0002b85ef5f2c717.php]
[ Oct 20 2012 12:20:27 ] [var/cache/translation/f1fa2db4683ed697d014961bf03dd47c/fre-FR/deebfed2cfaed96c638a5cebfda274f0.php]
[ Oct 20 2012 12:20:27 ] [var/cache/translation/f1fa2db4683ed697d014961bf03dd47c/fre-FR/a069991d73faf3f8612e4714ae6c8760.php]
[ Oct 20 2012 12:20:27 ] [var/cache/translation/f1fa2db4683ed697d014961bf03dd47c/fre-FR/8c763b95201549332e755fabafd0c170.php]
[ Oct 20 2012 12:20:27 ] [var/cache/translation/f1fa2db4683ed697d014961bf03dd47c/fre-FR/53a9fcef22fcb84a914b650d1351943f.php]
[ Oct 20 2012 12:20:27 ] [var/cache/translation/f1fa2db4683ed697d014961bf03dd47c/fre-FR/b2daebb7d57bfe00aa1d94c65d842638.php]
[ Oct 20 2012 12:20:27 ] [var/cache/translation/f1fa2db4683ed697d014961bf03dd47c/fre-FR/0f397625cc78bd3ec5ac823ba8ddba13.php]
[ Oct 20 2012 12:20:27 ] [var/cache/translation/f1fa2db4683ed697d014961bf03dd47c/fre-FR/2deaf73fbdb30373798bff18c18ac53a.php]
[ Oct 20 2012 12:20:27 ] [var/cache/translation/f1fa2db4683ed697d014961bf03dd47c/fre-FR/00ce4c087368a5e46142dfcdfe8ee6c7.php]
[ Oct 20 2012 12:20:27 ] [var/cache/translation/f1fa2db4683ed697d014961bf03dd47c/fre-FR/39f30c5cb3b01b4eb8ca09d343488898.php]
[ Oct 20 2012 12:20:27 ] [var/cache/translation/f1fa2db4683ed697d014961bf03dd47c/fre-FR/775a76194f44c33a307d8edc721e50b7.php]
[ Oct 20 2012 12:20:27 ] [var/cache/translation/f1fa2db4683ed697d014961bf03dd47c/fre-FR/ce045bb8ac568996a428cd4c9f351ad1.php]
[ Oct 20 2012 12:20:27 ] [var/cache/translation/f1fa2db4683ed697d014961bf03dd47c/fre-FR/003c88ebdec897f3b55e9acc0406ef78.php]
[ Oct 20 2012 12:20:27 ] [var/cache/translation/f1fa2db4683ed697d014961bf03dd47c/fre-FR/2d2466bcdf6093ed8e5ca73be4c2e918.php]
[ Oct 20 2012 12:20:27 ] [var/cache/translation/f1fa2db4683ed697d014961bf03dd47c/fre-FR/44462935b3efeff2d7985daf2581e840.php]
[ Oct 20 2012 12:20:27 ] [var/cache/translation/f1fa2db4683ed697d014961bf03dd47c/fre-FR/1f4e88f0b8c48c7e4f33fb49f031bd5d.php]
[ Oct 20 2012 12:20:27 ] [var/cache/translation/f1fa2db4683ed697d014961bf03dd47c/fre-FR/20fdcaf3348d79cce748abcaded08a15.php]
[ Oct 20 2012 12:20:27 ] [var/cache/translation/f1fa2db4683ed697d014961bf03dd47c/fre-FR/0a83ae2874dddbf4e8a86e77f19b0cce.php]
[ Oct 20 2012 12:20:27 ] [var/cache/translation/f1fa2db4683ed697d014961bf03dd47c/fre-FR/6ac0ebe2fc56f01920ee4b69583f4c46.php]
[ Oct 20 2012 12:20:27 ] [var/cache/translation/f1fa2db4683ed697d014961bf03dd47c/fre-FR/6defe3e5c4b3845d1e0bab868553d192.php]
[ Oct 20 2012 12:20:27 ] [var/cache/translation/f1fa2db4683ed697d014961bf03dd47c/fre-FR/55212a5b7f9af8f061aeff36413e94ba.php]
[ Oct 20 2012 12:20:27 ] [var/cache/translation/f1fa2db4683ed697d014961bf03dd47c/fre-FR/7f6e5eb856963abcb6f206e39ba51c03.php]
[ Oct 20 2012 12:20:27 ] [var/cache/translation/f1fa2db4683ed697d014961bf03dd47c/fre-FR/a45c0bcfcd30301409525a52f0cfe1e7.php]
[ Oct 20 2012 12:20:27 ] [var/cache/translation/f1fa2db4683ed697d014961bf03dd47c/fre-FR/d3b4a9bc0623e5ae6e592130eee287d3.php]
[ Oct 20 2012 12:20:27 ] [var/cache/translation/f1fa2db4683ed697d014961bf03dd47c/fre-FR/bf8e5a88333c5b328f61771b1546dffb.php]
[ Oct 20 2012 12:20:27 ] [var/cache/translation/f1fa2db4683ed697d014961bf03dd47c/fre-FR/035203e110c8f59a61e0e197468a0108.php]
[ Oct 20 2012 12:20:27 ] [var/cache/translation/f1fa2db4683ed697d014961bf03dd47c/fre-FR/283c1434da3eef165f87e28a3d149889.php]
[ Oct 20 2012 12:20:27 ] [var/cache/translation/f1fa2db4683ed697d014961bf03dd47c/fre-FR/aac4621c5af038655d418baf287ac2e9.php]
[ Oct 20 2012 12:20:27 ] [var/cache/translation/f1fa2db4683ed697d014961bf03dd47c/fre-FR/dcdb97ae4e62e985a507084f4dc40400.php]
[ Oct 20 2012 12:20:27 ] [var/cache/translation/f1fa2db4683ed697d014961bf03dd47c/fre-FR/866061d5768717f2d08a6b1bf96fd534.php]
[ Oct 20 2012 12:20:27 ] [var/cache/translation/f1fa2db4683ed697d014961bf03dd47c/fre-FR/03b93701997358cbb17cc2014e7a11de.php]
[ Oct 20 2012 12:20:27 ] [var/cache/translation/f1fa2db4683ed697d014961bf03dd47c/fre-FR/eb34cb441e089dae779efb0a5f2ddaa1.php]
[ Oct 20 2012 12:20:27 ] [var/cache/translation/f1fa2db4683ed697d014961bf03dd47c/fre-FR/ceb49f5ab60ba9af93c2428dbaf72c7f.php]
[ Oct 20 2012 12:20:27 ] [var/cache/translation/f1fa2db4683ed697d014961bf03dd47c/fre-FR/01d6acf7f48565a2a56880b7c1ddecaf.php]
[ Oct 20 2012 12:20:27 ] [var/cache/translation/f1fa2db4683ed697d014961bf03dd47c/fre-FR/4a0a512292717f44b982aa84a584a28f.php]
[ Oct 20 2012 12:20:27 ] [var/cache/translation/f1fa2db4683ed697d014961bf03dd47c/fre-FR/8962bcbab0bc7520a2bdfaa646bb756a.php]
[ Oct 20 2012 12:20:27 ] [var/cache/translation/f1fa2db4683ed697d014961bf03dd47c/fre-FR/e3e33c8031d797741fb3085b9595230c.php]
[ Oct 20 2012 12:20:27 ] [var/cache/translation/f1fa2db4683ed697d014961bf03dd47c/fre-FR/6ab5f5e0326790c502baa0bb0771bea6.php]
[ Oct 20 2012 12:20:27 ] [var/cache/translation/f1fa2db4683ed697d014961bf03dd47c/fre-FR/e4f83dd202f97b25a204a833dcc2d389.php]
[ Oct 20 2012 12:20:27 ] [var/cache/translation/f1fa2db4683ed697d014961bf03dd47c/fre-FR/d7b0e907b7c96934caf3707bd851e74d.php]
[ Oct 20 2012 12:20:27 ] [var/cache/translation/f1fa2db4683ed697d014961bf03dd47c/fre-FR/bf0475059af2e56065a143c052e1400d.php]
[ Oct 20 2012 12:20:27 ] [var/cache/translation/f1fa2db4683ed697d014961bf03dd47c/fre-FR/10a22d511ea03ee84ab1b696b794c15c.php]
[ Oct 20 2012 12:20:27 ] [var/cache/translation/f1fa2db4683ed697d014961bf03dd47c/fre-FR/f2a5dc58406e4a041c7676b921a1ca92.php]
[ Oct 20 2012 12:20:27 ] [var/cache/translation/f1fa2db4683ed697d014961bf03dd47c/fre-FR/e90c75ebc1e54c68d611a96ea141c80e.php]
[ Oct 20 2012 12:20:27 ] [var/cache/translation/f1fa2db4683ed697d014961bf03dd47c/fre-FR/230b0f392c5b506df93480cff3ce021d.php]
[ Oct 20 2012 12:20:27 ] [var/cache/translation/f1fa2db4683ed697d014961bf03dd47c/fre-FR/4fcdc576390a100ab4c73d7d65ccf232.php]
[ Oct 20 2012 12:20:27 ] [var/cache/translation/f1fa2db4683ed697d014961bf03dd47c/fre-FR/8191ee2c6d9b4aa4c508ffbe19b90b67.php]
[ Oct 20 2012 12:20:27 ] [var/cache/translation/f1fa2db4683ed697d014961bf03dd47c/fre-FR/567f9d14bb6e18fbba9d06ad5588b8b6.php]
[ Oct 20 2012 12:20:27 ] [var/cache/translation/f1fa2db4683ed697d014961bf03dd47c/fre-FR/4fb1ad375a273452af0b423d44793bb3.php]
[ Oct 20 2012 12:20:27 ] [var/cache/translation/f1fa2db4683ed697d014961bf03dd47c/fre-FR/73acdfc1bb28ae2b9fc5cd93e60936ad.php]
[ Oct 20 2012 12:20:27 ] [var/cache/translation/f1fa2db4683ed697d014961bf03dd47c/fre-FR/9ed63952e8e63457b3cb15de8d9f746a.php]
[ Oct 20 2012 12:20:27 ] [var/cache/translation/f1fa2db4683ed697d014961bf03dd47c/fre-FR/cf7cc4916832234a4a8391ff73e2ac44.php]
[ Oct 20 2012 12:20:27 ] [var/cache/translation/f1fa2db4683ed697d014961bf03dd47c/fre-FR/fc69687a6ff04f2f429ba47d7767f8f4.php]
[ Oct 20 2012 12:20:27 ] [var/cache/translation/f1fa2db4683ed697d014961bf03dd47c/fre-FR/6ee82949341c954c86f84298969b871f.php]
[ Oct 20 2012 12:20:27 ] [var/cache/translation/f1fa2db4683ed697d014961bf03dd47c/fre-FR/254fb8a20c76bf196d3cdfbe626bcf43.php]
[ Oct 20 2012 12:20:27 ] [var/cache/translation/f1fa2db4683ed697d014961bf03dd47c/fre-FR/cafbceea2b3ac7102bfc1093df585bcd.php]
[ Oct 20 2012 12:20:27 ] [var/cache/translation/f1fa2db4683ed697d014961bf03dd47c/fre-FR/7b8dc971219e86d12dd709a4310a65e2.php]
[ Oct 20 2012 12:20:27 ] [var/cache/translation/f1fa2db4683ed697d014961bf03dd47c/fre-FR/ae5630094d354c873a9843db904aaca5.php]
[ Oct 20 2012 12:20:27 ] [var/cache/translation/f1fa2db4683ed697d014961bf03dd47c/fre-FR/740b02d763cc6692d7f129882e795924.php]
[ Oct 20 2012 12:20:27 ] [var/cache/translation/f1fa2db4683ed697d014961bf03dd47c/fre-FR/ca477281960a0abf6238836388def25a.php]
[ Oct 20 2012 12:20:27 ] [var/cache/translation/f1fa2db4683ed697d014961bf03dd47c/fre-FR/900a6168b18da700caa995733022fe62.php]
[ Oct 20 2012 12:20:27 ] [var/cache/translation/f1fa2db4683ed697d014961bf03dd47c/fre-FR/3624580305391386a9333c0aeb2b093b.php]
[ Oct 20 2012 12:20:27 ] [var/cache/translation/f1fa2db4683ed697d014961bf03dd47c/fre-FR/52bbb259580da45b4ce4a184c03185db.php]
[ Oct 20 2012 12:20:27 ] [var/cache/translation/f1fa2db4683ed697d014961bf03dd47c/fre-FR/b304d78d4534c4a301dd89c8caa36a91.php]
[ Oct 20 2012 12:20:27 ] [var/cache/translation/f1fa2db4683ed697d014961bf03dd47c/fre-FR/de3ab67e8609d595e44348376ae18313.php]
[ Oct 20 2012 12:20:27 ] [var/cache/translation/f1fa2db4683ed697d014961bf03dd47c/fre-FR/badd2226496c7f5093676d8285ae9f26.php]
[ Oct 20 2012 12:20:27 ] [var/cache/translation/f1fa2db4683ed697d014961bf03dd47c/fre-FR/95f9f8fddcadad4d9014b49e2ebf8dee.php]
[ Oct 20 2012 12:20:27 ] [var/cache/translation/f1fa2db4683ed697d014961bf03dd47c/fre-FR/81dbd484e0054f625464b6d7f39bdec0.php]
[ Oct 20 2012 12:20:27 ] [var/cache/translation/f1fa2db4683ed697d014961bf03dd47c/fre-FR/69c19e133b241fd16c50eaf3e6754c0c.php]
[ Oct 20 2012 12:20:27 ] [var/cache/translation/f1fa2db4683ed697d014961bf03dd47c/fre-FR/13430d563bb12e87caf4e889b0ed5c6d.php]
[ Oct 20 2012 12:20:27 ] [var/cache/translation/f1fa2db4683ed697d014961bf03dd47c/fre-FR/b873a59de536a54cc462067c2d095d3b.php]
[ Oct 20 2012 12:20:27 ] [var/cache/translation/f1fa2db4683ed697d014961bf03dd47c/fre-FR/27256f953ffe50fd579ec13d8bbf3d5a.php]
[ Oct 20 2012 12:20:27 ] [var/cache/translation/f1fa2db4683ed697d014961bf03dd47c/fre-FR/485e0d90a6bf35369fa67d395035f27e.php]
[ Oct 20 2012 12:20:27 ] [var/cache/translation/f1fa2db4683ed697d014961bf03dd47c/fre-FR/0198d8cfe975671565c8ced6fca5a574.php]
[ Oct 20 2012 12:20:27 ] [var/cache/translation/f1fa2db4683ed697d014961bf03dd47c/fre-FR/95f5de6d27265d9fe91a0c516f3ba12c.php]
[ Oct 20 2012 12:20:27 ] [var/cache/translation/f1fa2db4683ed697d014961bf03dd47c/fre-FR/b0651e3c4cc7e5d095da736ed47f4768.php]
[ Oct 20 2012 12:20:27 ] [var/cache/translation/f1fa2db4683ed697d014961bf03dd47c/fre-FR/37ff61c34c115368c05ab58fc0b12e10.php]
[ Oct 20 2012 12:20:27 ] [var/cache/translation/f1fa2db4683ed697d014961bf03dd47c/fre-FR/b0e18f3b1e70b58415518bf6036a61b6.php]
[ Oct 20 2012 12:20:27 ] [var/cache/translation/f1fa2db4683ed697d014961bf03dd47c/fre-FR/90c95742aef7eea870888808cdefda6e.php]
[ Oct 20 2012 12:20:27 ] [var/cache/translation/f1fa2db4683ed697d014961bf03dd47c/fre-FR/a01a8324a22d9d3504fb461c4d25da15.php]
[ Oct 20 2012 12:20:27 ] [var/cache/translation/f1fa2db4683ed697d014961bf03dd47c/fre-FR/693bac62532b23c8178350bbfda1e59b.php]
[ Oct 20 2012 12:20:27 ] [var/cache/translation/f1fa2db4683ed697d014961bf03dd47c/fre-FR/178946974e4a8f67469885c183b6cbf6.php]
[ Oct 20 2012 12:20:27 ] [var/cache/translation/f1fa2db4683ed697d014961bf03dd47c/fre-FR/5151236d51921f836f9595214c38b12d.php]
[ Oct 20 2012 12:20:27 ] [var/cache/translation/f1fa2db4683ed697d014961bf03dd47c/fre-FR/faf4143dbaf7caf6a95db7caf9f91805.php]
[ Oct 20 2012 12:20:27 ] [var/cache/translation/f1fa2db4683ed697d014961bf03dd47c/fre-FR/261a6d14b57a018451aaeb426b3057ce.php]
[ Oct 20 2012 12:20:27 ] [var/cache/translation/f1fa2db4683ed697d014961bf03dd47c/fre-FR/d5dbbbaf9a20fa148456c1d74f798f5f.php]
[ Oct 20 2012 12:20:27 ] [var/cache/translation/f1fa2db4683ed697d014961bf03dd47c/fre-FR/d215dd3c1e3bc1360c06e7e6bfb995c5.php]
[ Oct 20 2012 12:20:27 ] [var/cache/translation/f1fa2db4683ed697d014961bf03dd47c/fre-FR/4ca436bb69eecab7876fcdb7075da69f.php]
[ Oct 20 2012 12:20:27 ] [var/cache/translation/f1fa2db4683ed697d014961bf03dd47c/fre-FR/6a4abbeaa22c6bf219c7a6dd29358d76.php]
[ Oct 20 2012 12:20:27 ] [var/cache/translation/f1fa2db4683ed697d014961bf03dd47c/fre-FR/0435e7326b5515e9a7d4067b44af2422.php]
[ Oct 20 2012 12:20:27 ] [var/cache/translation/f1fa2db4683ed697d014961bf03dd47c/fre-FR/652485fe3d072480f25a340406991180.php]
[ Oct 20 2012 12:20:27 ] [var/cache/translation/f1fa2db4683ed697d014961bf03dd47c/fre-FR/e25bf97d979890b799362693249d984f.php]
[ Oct 20 2012 12:20:27 ] [var/cache/translation/f1fa2db4683ed697d014961bf03dd47c/fre-FR/24fa9dbcb4de0dabf7e0e318a965949f.php]
[ Oct 20 2012 12:20:27 ] [var/cache/translation/f1fa2db4683ed697d014961bf03dd47c/fre-FR/59a65041a7f134c5b7fce487e2768a28.php]
[ Oct 20 2012 12:20:27 ] [var/cache/translation/f1fa2db4683ed697d014961bf03dd47c/fre-FR/00707c9b3a97ef5aebdb49edd6ed1bbc.php]
[ Oct 20 2012 12:20:27 ] [var/cache/translation/f1fa2db4683ed697d014961bf03dd47c/fre-FR/55ff6524f6bf3b2fe6c96eaaf4e6338c.php]
[ Oct 20 2012 12:20:27 ] [var/cache/translation/f1fa2db4683ed697d014961bf03dd47c/fre-FR/f885271c5ca0373759c4d046ce5424cf.php]
[ Oct 20 2012 12:20:27 ] [var/cache/translation/f1fa2db4683ed697d014961bf03dd47c/fre-FR/34c2fa61bee0805271f129a0ec7ae2cd.php]
[ Oct 20 2012 12:20:27 ] [var/cache/translation/f1fa2db4683ed697d014961bf03dd47c/fre-FR/18fc45fb194d71b8aa0f8a3c35601257.php]
[ Oct 20 2012 12:20:27 ] [var/cache/translation/f1fa2db4683ed697d014961bf03dd47c/fre-FR/c92330fa37c82c671b9c3ce75fcc9550.php]
[ Oct 20 2012 12:20:27 ] [var/cache/translation/f1fa2db4683ed697d014961bf03dd47c/fre-FR/07f5782e0ccfb1cdb65b4da8faac204b.php]
[ Oct 20 2012 12:20:27 ] [var/cache/translation/f1fa2db4683ed697d014961bf03dd47c/fre-FR/8d56c63fe0451888626f6159c887219d.php]
[ Oct 20 2012 12:20:27 ] [var/cache/translation/f1fa2db4683ed697d014961bf03dd47c/fre-FR/7f2dd4ed77fd0e861e9312f3b7838df8.php]
[ Oct 20 2012 12:20:27 ] [var/cache/translation/f1fa2db4683ed697d014961bf03dd47c/fre-FR/4230bd449291fd8a50b0e50f39313ba8.php]
[ Oct 20 2012 12:20:27 ] [var/cache/translation/f1fa2db4683ed697d014961bf03dd47c/fre-FR/07061efe66be9a3688a315b6e4f71fd8.php]
[ Oct 20 2012 12:20:27 ] [var/cache/translation/f1fa2db4683ed697d014961bf03dd47c/fre-FR/d35ad9a6e9ecafd1f1c43d03788a08d2.php]
[ Oct 20 2012 12:20:27 ] [var/cache/translation/f1fa2db4683ed697d014961bf03dd47c/fre-FR/a0031350975237bb56c5c1d4b1f1994c.php]
[ Oct 20 2012 12:20:27 ] [var/cache/translation/f1fa2db4683ed697d014961bf03dd47c/fre-FR/715915cf2858609633247e4c79f7227e.php]
[ Oct 20 2012 12:20:27 ] [var/cache/translation/f1fa2db4683ed697d014961bf03dd47c/fre-FR/fcf6cac23fe50585d3796b415445c27d.php]
[ Oct 20 2012 12:20:27 ] [var/cache/translation/f1fa2db4683ed697d014961bf03dd47c/fre-FR/a43a1f1f3bada272885e7fe15b771dd0.php]
[ Oct 20 2012 12:20:27 ] [var/cache/translation/f1fa2db4683ed697d014961bf03dd47c/fre-FR/b846297f6fb31525c3d088e8bc6262b3.php]
[ Oct 20 2012 12:20:27 ] [var/cache/translation/f1fa2db4683ed697d014961bf03dd47c/fre-FR/5693be771e79c6a7c9194365d3c11151.php]
[ Oct 20 2012 12:20:27 ] [var/cache/translation/f1fa2db4683ed697d014961bf03dd47c/fre-FR/b153b367e8389d105bbfd8eaa19ad369.php]
[ Oct 20 2012 12:20:27 ] [var/cache/translation/f1fa2db4683ed697d014961bf03dd47c/fre-FR/92f896de4fe64660d4751c3a045c3a09.php]
[ Oct 20 2012 12:20:27 ] [var/cache/translation/f1fa2db4683ed697d014961bf03dd47c/fre-FR/64180a9d21388beef011f677467318ad.php]
[ Oct 20 2012 12:20:27 ] [var/cache/translation/f1fa2db4683ed697d014961bf03dd47c/fre-FR/fa434a218266a7278649327f40a63f37.php]
[ Oct 20 2012 12:20:27 ] [var/cache/translation/f1fa2db4683ed697d014961bf03dd47c/fre-FR/d326a6ce4b28e69f8baeaf6e3149654a.php]
[ Oct 20 2012 12:20:27 ] [var/cache/translation/f1fa2db4683ed697d014961bf03dd47c/fre-FR/1a83e680732f6d1b86fd03b9ffb14503.php]
[ Oct 20 2012 12:20:27 ] [var/cache/translation/f1fa2db4683ed697d014961bf03dd47c/fre-FR/f2eb9db40d94643ee0a9bbb384b3ac6e.php]
[ Oct 20 2012 12:20:27 ] [var/cache/translation/f1fa2db4683ed697d014961bf03dd47c/fre-FR/c2655ebcdc085425c1f4647a07456bbe.php]
[ Oct 20 2012 12:20:27 ] [var/cache/translation/f1fa2db4683ed697d014961bf03dd47c/fre-FR/747f9374dac02373734854b245e66484.php]
[ Oct 20 2012 12:20:27 ] [var/cache/translation/f1fa2db4683ed697d014961bf03dd47c/fre-FR/d3ce80a76ac0d1ba31ddbf3f7b4ff68b.php]
[ Oct 20 2012 12:20:27 ] [var/cache/translation/f1fa2db4683ed697d014961bf03dd47c/fre-FR/36c053330fad2c6274987ab4c16885f4.php]
[ Oct 20 2012 12:20:27 ] [var/cache/translation/f1fa2db4683ed697d014961bf03dd47c/fre-FR/f4b0c15d13d8d8d5a2a4c825f4afe18a.php]
[ Oct 20 2012 12:20:27 ] [var/cache/translation/f1fa2db4683ed697d014961bf03dd47c/fre-FR/40fa1a9506ec30ae6efd663447623c77.php]
[ Oct 20 2012 12:20:27 ] [var/cache/translation/f1fa2db4683ed697d014961bf03dd47c/fre-FR/5321a4fb737d4b2263a2b1e30aae7c2e.php]
[ Oct 20 2012 12:20:27 ] [var/cache/translation/f1fa2db4683ed697d014961bf03dd47c/fre-FR/3191bf03e069b076c8e3c0721c284b6f.php]
[ Oct 20 2012 12:20:27 ] [var/cache/translation/f1fa2db4683ed697d014961bf03dd47c/fre-FR/28fd0c897ead51dd711dbf67bab11ac3.php]
[ Oct 20 2012 12:20:27 ] [var/cache/translation/f1fa2db4683ed697d014961bf03dd47c/fre-FR/2a00eea55b29552e9b7c608e379415c7.php]
[ Oct 20 2012 12:20:27 ] [var/cache/translation/f1fa2db4683ed697d014961bf03dd47c/fre-FR/93fe76131a626159aa3ee8c0fcb1337b.php]
[ Oct 20 2012 12:20:27 ] [var/cache/translation/f1fa2db4683ed697d014961bf03dd47c/fre-FR/ae61654a29460e7ac090e739e94349a5.php]
[ Oct 20 2012 12:20:27 ] [var/cache/translation/f1fa2db4683ed697d014961bf03dd47c/fre-FR/1cec11db60f5f2852a50e2d1f3675bb6.php]
[ Oct 20 2012 12:20:27 ] [var/cache/translation/f1fa2db4683ed697d014961bf03dd47c/fre-FR/81c61c2248deb2ab3b181ac776ff8ad4.php]
[ Oct 20 2012 12:20:27 ] [var/cache/translation/f1fa2db4683ed697d014961bf03dd47c/fre-FR/d2fc072f6f72aa87ba9d31cf923827a7.php]
[ Oct 20 2012 12:20:27 ] [var/cache/translation/f1fa2db4683ed697d014961bf03dd47c/fre-FR/d02df23ea679d58f5e633b7f0ab5fbb0.php]
[ Oct 20 2012 12:20:27 ] [var/cache/translation/f1fa2db4683ed697d014961bf03dd47c/fre-FR/743d81b64c6182aa1474905504836999.php]
[ Oct 20 2012 12:20:27 ] [var/cache/translation/f1fa2db4683ed697d014961bf03dd47c/fre-FR/12026b252f02dd6049d912a6ffd3f892.php]
[ Oct 20 2012 12:20:27 ] [var/cache/translation/f1fa2db4683ed697d014961bf03dd47c/fre-FR/2d15316025fc6a40530beac5192f2c02.php]
[ Oct 20 2012 12:20:27 ] [var/cache/translation/f1fa2db4683ed697d014961bf03dd47c/fre-FR/29b91fcd9e4e04e90d58ea2301912a26.php]
[ Oct 20 2012 12:20:27 ] [var/cache/translation/f1fa2db4683ed697d014961bf03dd47c/fre-FR/ebbe89c25099072e4ce620e73dc63b04.php]
[ Oct 20 2012 12:20:27 ] [var/cache/translation/f1fa2db4683ed697d014961bf03dd47c/fre-FR/ad6930be9b118b5ebd71c1af40ba2685.php]
[ Oct 20 2012 12:20:27 ] [var/cache/translation/f1fa2db4683ed697d014961bf03dd47c/fre-FR/d87a6d479c151633a8fd7cec9d4bc47b.php]
[ Oct 20 2012 12:20:27 ] [var/cache/translation/f1fa2db4683ed697d014961bf03dd47c/fre-FR/e35f191f657f7d1ed1c6e67f9a7ad1b4.php]
[ Oct 20 2012 12:20:27 ] [var/cache/translation/f1fa2db4683ed697d014961bf03dd47c/fre-FR/0207849ba6493ceb81ebb0e2a7dbeee6.php]
[ Oct 20 2012 12:20:27 ] [var/cache/translation/f1fa2db4683ed697d014961bf03dd47c/fre-FR/a23c7942bfc19edcda93e932450c15da.php]
[ Oct 20 2012 12:20:27 ] [var/cache/translation/f1fa2db4683ed697d014961bf03dd47c/fre-FR/6b34876a11510e2e24e36057611f10a6.php]
[ Oct 20 2012 12:20:27 ] [var/cache/translation/f1fa2db4683ed697d014961bf03dd47c/fre-FR/6e3a179931b514c70129018007f5023e.php]
[ Oct 20 2012 12:20:27 ] [var/cache/translation/f1fa2db4683ed697d014961bf03dd47c/fre-FR/cd4d3b7c1ed9ad09b08148a79b67020b.php]
[ Oct 20 2012 12:20:27 ] [var/cache/translation/f1fa2db4683ed697d014961bf03dd47c/fre-FR/a77bbd05c87ae99a207fa3708c16a80c.php]
[ Oct 20 2012 12:20:27 ] [var/cache/translation/f1fa2db4683ed697d014961bf03dd47c/fre-FR/3bc69467cbdb372902370844800e8064.php]
[ Oct 20 2012 12:20:27 ] [var/cache/translation/f1fa2db4683ed697d014961bf03dd47c/fre-FR/1cf4520dff524889d0f5cc8ac219d0d1.php]
[ Oct 20 2012 12:20:27 ] [var/cache/translation/f1fa2db4683ed697d014961bf03dd47c/fre-FR/5fb194fe49ce0c205c10b1b2669b45d2.php]
[ Oct 20 2012 12:20:27 ] [var/cache/translation/f1fa2db4683ed697d014961bf03dd47c/fre-FR/d8da37ba2022fb0569edc87ebbcd0fcd.php]
[ Oct 20 2012 12:20:27 ] [var/cache/translation/f1fa2db4683ed697d014961bf03dd47c/fre-FR/b4af1deb35df99966ba615370d20df69.php]
[ Oct 20 2012 12:20:27 ] [var/cache/translation/f1fa2db4683ed697d014961bf03dd47c/fre-FR/5baac6e36d2d510b84ffa965bc0e5c1d.php]
[ Oct 20 2012 12:20:27 ] [var/cache/translation/f1fa2db4683ed697d014961bf03dd47c/fre-FR/dcd80b2f6dbe4f4452f0369e50e42975.php]
[ Oct 20 2012 12:20:27 ] [var/cache/translation/f1fa2db4683ed697d014961bf03dd47c/fre-FR/c554081202f0522579df876fea3e245b.php]
[ Oct 20 2012 12:20:27 ] [var/cache/translation/f1fa2db4683ed697d014961bf03dd47c/fre-FR/6e95492a572c3908e89deb3284c8462b.php]
[ Oct 20 2012 12:20:27 ] [var/cache/translation/f1fa2db4683ed697d014961bf03dd47c/fre-FR/481518f51cf0e13018409763ff550145.php]
[ Oct 20 2012 12:20:27 ] [var/cache/translation/f1fa2db4683ed697d014961bf03dd47c/fre-FR/8efd58eb43aa9bb0803848b7d2fe5c4d.php]
[ Oct 20 2012 12:20:27 ] [var/cache/translation/f1fa2db4683ed697d014961bf03dd47c/fre-FR/743f115108f5ce905c7654de8c68d674.php]
[ Oct 20 2012 12:20:27 ] [var/cache/translation/f1fa2db4683ed697d014961bf03dd47c/fre-FR/22fd50d21a117857dbcd6f90e51d837e.php]
[ Oct 20 2012 12:20:27 ] [var/cache/translation/f1fa2db4683ed697d014961bf03dd47c/fre-FR/177522eb954ec2bb5b0cba60f6e92d02.php]
[ Oct 20 2012 12:20:27 ] [var/cache/translation/f1fa2db4683ed697d014961bf03dd47c/fre-FR/8a268836a9a459c4895ee7ed7e23b894.php]
[ Oct 20 2012 12:20:27 ] [var/cache/translation/f1fa2db4683ed697d014961bf03dd47c/fre-FR/ea5a8f932dd8df3d8023294c3a76030c.php]
[ Oct 20 2012 12:20:27 ] [var/cache/translation/f1fa2db4683ed697d014961bf03dd47c/fre-FR/526a4b123d629561b7e4b00cf2d80405.php]
[ Oct 20 2012 12:20:27 ] [var/cache/translation/f1fa2db4683ed697d014961bf03dd47c/fre-FR/650cac5072b62d063380e8a8cf627d59.php]
[ Oct 20 2012 12:20:27 ] [var/cache/translation/f1fa2db4683ed697d014961bf03dd47c/fre-FR/7b5bf46247965b296929746478b2d27b.php]
[ Oct 20 2012 12:20:27 ] [var/cache/translation/f1fa2db4683ed697d014961bf03dd47c/fre-FR/b12a4da1818f8abf9575a238a1c1799f.php]
[ Oct 20 2012 12:20:27 ] [var/cache/translation/f1fa2db4683ed697d014961bf03dd47c/fre-FR/ee5545387875ecefdec3bb3f6305f06f.php]
[ Oct 20 2012 12:20:27 ] [var/cache/translation/f1fa2db4683ed697d014961bf03dd47c/fre-FR/033ec8c971040b05a246708bf7a47415.php]
[ Oct 20 2012 12:20:27 ] [var/cache/translation/f1fa2db4683ed697d014961bf03dd47c/fre-FR/f661ef919dfee1e1a8a3f3de22f983f3.php]
[ Oct 20 2012 12:20:27 ] [var/cache/translation/f1fa2db4683ed697d014961bf03dd47c/fre-FR/92f3f903fd04db30616b9ee883f7c2f3.php]
[ Oct 20 2012 12:20:27 ] [var/cache/translation/f1fa2db4683ed697d014961bf03dd47c/fre-FR/16adb3c916e4559a8270c7d64b5f049a.php]
[ Oct 20 2012 12:20:27 ] [var/cache/translation/f1fa2db4683ed697d014961bf03dd47c/fre-FR/60a5f9cd25662ebce6e55404d1374f5a.php]
[ Oct 20 2012 12:20:27 ] [var/cache/translation/f1fa2db4683ed697d014961bf03dd47c/fre-FR/74c68f8e7127d464640041d728f040f8.php]
[ Oct 20 2012 12:20:27 ] [var/cache/translation/f1fa2db4683ed697d014961bf03dd47c/fre-FR/e2fea269517a000be3c7abeecbbb1e23.php]
[ Oct 20 2012 12:20:27 ] [var/cache/translation/f1fa2db4683ed697d014961bf03dd47c/fre-FR/83ccfb42f55d20d73e4b576235217b58.php]
[ Oct 20 2012 12:20:27 ] [var/cache/translation/f1fa2db4683ed697d014961bf03dd47c/fre-FR/048b15d8d1cf30ade58f1edc10606faa.php]
[ Oct 20 2012 12:20:27 ] [var/cache/translation/f1fa2db4683ed697d014961bf03dd47c/fre-FR/fe8cc2f15d294876360d0660edb166c0.php]
[ Oct 20 2012 12:20:27 ] [var/cache/translation/f1fa2db4683ed697d014961bf03dd47c/fre-FR/b669b82fa86c89ba0347702fbbcaa1ea.php]
[ Oct 20 2012 12:20:27 ] [var/cache/translation/f1fa2db4683ed697d014961bf03dd47c/fre-FR/682b2b3204265eea92517398b529a718.php]
[ Oct 20 2012 12:20:27 ] [var/cache/translation/f1fa2db4683ed697d014961bf03dd47c/fre-FR/5e553697f413de979176a63999c5b332.php]
[ Oct 20 2012 12:20:27 ] [var/cache/translation/f1fa2db4683ed697d014961bf03dd47c/fre-FR/98e3341484d56862bf3008d746a41bec.php]
[ Oct 20 2012 12:20:27 ] [var/cache/translation/f1fa2db4683ed697d014961bf03dd47c/fre-FR/c7ba62f179216b5dfc1053f40b90705e.php]
[ Oct 20 2012 12:20:27 ] [var/cache/translation/f1fa2db4683ed697d014961bf03dd47c/fre-FR/840e4514c037f115f9209d5accc32c91.php]
[ Oct 20 2012 12:20:27 ] [var/cache/translation/f1fa2db4683ed697d014961bf03dd47c/fre-FR/e5874e38916f291d5a4dbdaf383f8e16.php]
[ Oct 20 2012 12:20:27 ] [var/cache/translation/f1fa2db4683ed697d014961bf03dd47c/fre-FR/fc87099ba273382d9d9d6e02e8636aa1.php]
[ Oct 20 2012 12:20:27 ] [var/cache/translation/f1fa2db4683ed697d014961bf03dd47c/fre-FR/d692a74b82f5026cca0043ce20fe8b50.php]
[ Oct 20 2012 12:20:27 ] [var/cache/translation/f1fa2db4683ed697d014961bf03dd47c/fre-FR/d59cedbd16ba4f2363ebbbffe4c62d9d.php]
[ Oct 20 2012 12:20:27 ] [var/cache/translation/f1fa2db4683ed697d014961bf03dd47c/fre-FR/48cefbb85dea544796f3d2d30d3a6b91.php]
[ Oct 20 2012 12:20:27 ] [var/cache/translation/f1fa2db4683ed697d014961bf03dd47c/fre-FR/810f8d0b896a58b6fbb348bf454dfeb1.php]
[ Oct 20 2012 12:20:27 ] [var/cache/translation/f1fa2db4683ed697d014961bf03dd47c/fre-FR/58a6bff932c3c0c7ddec18ce6d558c55.php]
[ Oct 20 2012 12:20:27 ] [var/cache/translation/f1fa2db4683ed697d014961bf03dd47c/fre-FR/4eaa925ca36d9109dcaaccb83e382d6c.php]
[ Oct 20 2012 12:20:27 ] [var/cache/translation/f1fa2db4683ed697d014961bf03dd47c/fre-FR/034c207b087d544420d0c483b5db8eff.php]
[ Oct 20 2012 12:20:27 ] [var/cache/translation/f1fa2db4683ed697d014961bf03dd47c/fre-FR/0b47c6fee8319051bd83acad4e7dcdcf.php]
[ Oct 20 2012 12:20:27 ] [var/cache/translation/f1fa2db4683ed697d014961bf03dd47c/fre-FR/ace534c59e555cb5949cdc86d2630fd1.php]
[ Oct 20 2012 12:20:27 ] [var/cache/translation/f1fa2db4683ed697d014961bf03dd47c/fre-FR/619458079c323c13dcd395bbbb892ca6.php]
[ Oct 20 2012 12:20:27 ] [var/cache/translation/f1fa2db4683ed697d014961bf03dd47c/fre-FR/0bdbe183617b5b67947655b8ea75244a.php]
[ Oct 20 2012 12:20:27 ] [var/cache/translation/f1fa2db4683ed697d014961bf03dd47c/fre-FR/dc90220fe89ccc717279a1feba7dc781.php]
[ Oct 20 2012 12:20:27 ] [var/cache/translation/f1fa2db4683ed697d014961bf03dd47c/fre-FR/3861653a22a2ef9d0d222ee8e91bb363.php]
[ Oct 20 2012 12:20:27 ] [var/cache/translation/f1fa2db4683ed697d014961bf03dd47c/fre-FR/5b945d8b827fbf4e1fe5e2488b8e72f6.php]
[ Oct 20 2012 12:20:27 ] [var/cache/translation/f1fa2db4683ed697d014961bf03dd47c/fre-FR/e412e04edad8274589282bd72c95c6f3.php]
[ Oct 20 2012 12:20:27 ] [var/cache/translation/f1fa2db4683ed697d014961bf03dd47c/fre-FR/d964ce325cf8cf9496dc695a88aa84af.php]
[ Oct 20 2012 12:20:27 ] [var/cache/translation/f1fa2db4683ed697d014961bf03dd47c/fre-FR/211cfb0a2c1a71279285aee1a6db4227.php]
[ Oct 20 2012 12:20:27 ] [var/cache/translation/f1fa2db4683ed697d014961bf03dd47c/fre-FR/73da978a57ce4180d352b6ed58c682c5.php]
[ Oct 20 2012 12:20:27 ] [var/cache/translation/f1fa2db4683ed697d014961bf03dd47c/fre-FR/ca1755d2da2d81c05e51e4c05e4a2898.php]
[ Oct 20 2012 12:20:27 ] [var/cache/translation/f1fa2db4683ed697d014961bf03dd47c/fre-FR/a57ab51824d3854881dc6fcc397137e2.php]
[ Oct 20 2012 12:20:27 ] [var/cache/translation/f1fa2db4683ed697d014961bf03dd47c/fre-FR/4a678a8a2143f0e862904afe0d320d4f.php]
[ Oct 20 2012 12:20:27 ] [var/cache/translation/f1fa2db4683ed697d014961bf03dd47c/fre-FR/966c617fe01b53ebd33538c488a290c2.php]
[ Oct 20 2012 12:20:27 ] [var/cache/translation/f1fa2db4683ed697d014961bf03dd47c/fre-FR/3219f1692caaa8c877d255ede6e0ac58.php]
[ Oct 20 2012 12:20:27 ] [var/cache/translation/f1fa2db4683ed697d014961bf03dd47c/fre-FR/a887d8dbc4764e7924e30ddc1f0985bc.php]
[ Oct 20 2012 12:20:27 ] [var/cache/translation/f1fa2db4683ed697d014961bf03dd47c/fre-FR/f092443abe14802c7947fb020512fa4a.php]
[ Oct 20 2012 12:20:27 ] [var/cache/translation/f1fa2db4683ed697d014961bf03dd47c/fre-FR/5a6417f38e80896f8f76a263c5edf518.php]
[ Oct 20 2012 12:20:27 ] [var/cache/translation/f1fa2db4683ed697d014961bf03dd47c/fre-FR/51e83e33bfcdbe9a9c42704adf4d7a5b.php]
[ Oct 20 2012 12:20:27 ] [var/cache/translation/f1fa2db4683ed697d014961bf03dd47c/fre-FR/4813b4ee534f379bdda4aaca6af3a45c.php]
[ Oct 20 2012 12:20:27 ] [var/cache/translation/f1fa2db4683ed697d014961bf03dd47c/fre-FR/ed8d2c84bf0c51b51c261a84f3383137.php]
[ Oct 20 2012 12:20:27 ] [var/cache/translation/f1fa2db4683ed697d014961bf03dd47c/fre-FR/1c5982ac18b9ac86df25eb83747139c6.php]
[ Oct 20 2012 12:20:27 ] [var/cache/translation/f1fa2db4683ed697d014961bf03dd47c/fre-FR/62e939e363309f3534dfce17c0589e64.php]
[ Oct 20 2012 12:20:27 ] [var/cache/translation/f1fa2db4683ed697d014961bf03dd47c/fre-FR/53f7dc8d28d0841b92a5e6c145999979.php]
[ Oct 20 2012 12:20:27 ] [var/cache/translation/f1fa2db4683ed697d014961bf03dd47c/fre-FR/fbb5a6111b5789297e49ece905ee184a.php]
[ Oct 20 2012 12:20:27 ] [var/cache/translation/f1fa2db4683ed697d014961bf03dd47c/fre-FR/1145c0945ef7cb889f04c6848f9558d8.php]
[ Oct 20 2012 12:20:27 ] [var/cache/translation/f1fa2db4683ed697d014961bf03dd47c/fre-FR/04447381f1bb79201d83d33d4c2a8482.php]
[ Oct 20 2012 12:20:27 ] [var/cache/translation/f1fa2db4683ed697d014961bf03dd47c/fre-FR/edf9463d2da34b298da6b9033e58ebb6.php]
[ Oct 20 2012 12:20:27 ] [var/cache/translation/f1fa2db4683ed697d014961bf03dd47c/fre-FR/5dc2ebeb4846b6f76cd823c45c97e496.php]
[ Oct 20 2012 12:20:27 ] [var/cache/translation/f1fa2db4683ed697d014961bf03dd47c/fre-FR/1078fefd6e15a9b3ccc57a2e36f1af65.php]
[ Oct 20 2012 12:20:27 ] [var/cache/translation/f1fa2db4683ed697d014961bf03dd47c/fre-FR/3f0cd8bd6357814b5b4d99039b8b08a7.php]
[ Oct 20 2012 12:20:27 ] [var/cache/translation/f1fa2db4683ed697d014961bf03dd47c/fre-FR/dbf394fc6ead71ebb018b39a4fa74ae7.php]
[ Oct 20 2012 12:20:27 ] [var/cache/translation/f1fa2db4683ed697d014961bf03dd47c/fre-FR/198086efef193207864b822957904525.php]
[ Oct 20 2012 12:20:27 ] [var/cache/translation/f1fa2db4683ed697d014961bf03dd47c/fre-FR/6cb0fed6ad5626899906f4f583766c58.php]
[ Oct 20 2012 12:20:27 ] [var/cache/translation/f1fa2db4683ed697d014961bf03dd47c/fre-FR/96c7b714a4d5a2df74c02afc68fcb9a1.php]
[ Oct 20 2012 12:20:27 ] [var/cache/translation/f1fa2db4683ed697d014961bf03dd47c/fre-FR/02b4c7c4d99e422826033c1eee63713a.php]
[ Oct 20 2012 12:20:27 ] [var/cache/translation/f1fa2db4683ed697d014961bf03dd47c/fre-FR/ee5a22a1a6f16be26d31841478edf256.php]
[ Oct 20 2012 12:20:27 ] [var/cache/translation/f1fa2db4683ed697d014961bf03dd47c/fre-FR/f75b072a78c4e622073867eefea9f082.php]
[ Oct 20 2012 12:20:27 ] [var/cache/translation/f1fa2db4683ed697d014961bf03dd47c/fre-FR/4f06e99615787d9f912208791ea2547d.php]
[ Oct 20 2012 12:20:27 ] [var/cache/translation/f1fa2db4683ed697d014961bf03dd47c/fre-FR/fc0090815e08137b8c3ec3e3d7bc29d3.php]
[ Oct 20 2012 12:20:27 ] [var/cache/translation/f1fa2db4683ed697d014961bf03dd47c/fre-FR/8b5bad26f56da5404f0d304a328b2764.php]
[ Oct 20 2012 12:20:27 ] [var/cache/translation/f1fa2db4683ed697d014961bf03dd47c/fre-FR/0c97e2485d9b8a8f6e34841293018815.php]
[ Oct 20 2012 12:20:27 ] [var/cache/translation/f1fa2db4683ed697d014961bf03dd47c/fre-FR/5feae4960fd85d5df7ea75aa0e56404a.php]
[ Oct 20 2012 12:20:27 ] [var/cache/translation/f1fa2db4683ed697d014961bf03dd47c/fre-FR/88fcedd1f513076ed93ec96118d5f65a.php]
[ Oct 20 2012 12:20:27 ] [var/cache/translation/f1fa2db4683ed697d014961bf03dd47c/fre-FR/dca8a984578e36f2416652ad91eaf2d9.php]
[ Oct 20 2012 12:20:27 ] [var/cache/translation/f1fa2db4683ed697d014961bf03dd47c/fre-FR/828e0013b8f3bc1bb22b4f57172b019d.php]
[ Oct 20 2012 12:20:27 ] [var/cache/translation/f1fa2db4683ed697d014961bf03dd47c/fre-FR/a1c5b6799ca08dd4c0f452eaaff39663.php]
[ Oct 20 2012 12:20:27 ] [var/cache/translation/f1fa2db4683ed697d014961bf03dd47c/fre-FR/947f5e65113922df4d333ca99cab8309.php]
[ Oct 20 2012 12:20:27 ] [var/cache/translation/f1fa2db4683ed697d014961bf03dd47c/fre-FR/808592343efcffd50917e16ef4d20f46.php]
[ Oct 20 2012 12:20:27 ] [var/cache/translation/f1fa2db4683ed697d014961bf03dd47c/fre-FR/d907f72490bb0d76c6569a105d90b065.php]
[ Oct 20 2012 12:20:27 ] [var/cache/translation/f1fa2db4683ed697d014961bf03dd47c/fre-FR/51d7a48eaf39f1770bd957ba41c5740b.php]
[ Oct 20 2012 12:20:27 ] [var/cache/translation/f1fa2db4683ed697d014961bf03dd47c/fre-FR/acb401144ab1149999cbd5eed7b010a2.php]
[ Oct 20 2012 12:20:27 ] [var/cache/translation/f1fa2db4683ed697d014961bf03dd47c/fre-FR/5eebdfc025ab9746b67ace94624f2e53.php]
[ Oct 20 2012 12:20:27 ] [var/cache/translation/f1fa2db4683ed697d014961bf03dd47c/fre-FR/e10fee5c5acba0b34e1df0529cdcfde5.php]
[ Oct 20 2012 12:20:27 ] [var/cache/translation/f1fa2db4683ed697d014961bf03dd47c/fre-FR/fea0fda6c1f5eb1951024fcf7de960b5.php]
[ Oct 20 2012 12:20:27 ] [var/cache/translation/f1fa2db4683ed697d014961bf03dd47c/fre-FR/a84224d50c65a16ea6a40ef09b1966a1.php]
[ Oct 20 2012 12:20:27 ] [var/cache/translation/f1fa2db4683ed697d014961bf03dd47c/fre-FR/d404898fb7ce393d1aedd6c371b5ebc8.php]
[ Oct 20 2012 12:20:27 ] [var/cache/translation/f1fa2db4683ed697d014961bf03dd47c/fre-FR/b4e80e7b25ffa5e4b0c72587e70b0d34.php]
[ Oct 20 2012 12:20:27 ] [var/cache/translation/f1fa2db4683ed697d014961bf03dd47c/fre-FR/5aee0e618bd6bef601f89f51aecbd025.php]
[ Oct 20 2012 12:20:27 ] [var/cache/translation/f1fa2db4683ed697d014961bf03dd47c/fre-FR/cb4b72228ee7f3ff89fbcaa6c480e7de.php]
[ Oct 20 2012 12:20:28 ] [var/cache/translation/f1fa2db4683ed697d014961bf03dd47c/fre-FR/d22b7dcecf868ff4cc313182dd858614.php]
[ Oct 20 2012 12:20:28 ] [var/cache/translation/f1fa2db4683ed697d014961bf03dd47c/fre-FR/6b649d027be2d84da09a6fae41e1f0b6.php]
[ Oct 20 2012 12:20:28 ] [var/cache/translation/f1fa2db4683ed697d014961bf03dd47c/fre-FR/68ccdf2ce466c97767e3707085d82d6a.php]
[ Oct 20 2012 12:20:28 ] [var/cache/translation/f1fa2db4683ed697d014961bf03dd47c/fre-FR/04dca09b8d23ec968fe22545dd8d14d8.php]
[ Oct 20 2012 12:20:28 ] [var/cache/translation/f1fa2db4683ed697d014961bf03dd47c/fre-FR/e8663b1fe56ad337f33eeec0e00e17e0.php]
[ Oct 20 2012 12:20:28 ] [var/cache/translation/f1fa2db4683ed697d014961bf03dd47c/fre-FR/dfb775b0ae68820c4b66d441b905e6bd.php]
[ Oct 20 2012 12:20:28 ] [var/cache/translation/f1fa2db4683ed697d014961bf03dd47c/fre-FR/cc5fbe87ac206a4423aad09b47307734.php]
[ Oct 20 2012 12:20:28 ] [var/cache/translation/f1fa2db4683ed697d014961bf03dd47c/fre-FR/16babe37407ceb2929f14ee9ef346496.php]
[ Oct 20 2012 12:20:28 ] [var/cache/translation/f1fa2db4683ed697d014961bf03dd47c/fre-FR/32a2d8891b0b5184e5234727b2ef27c9.php]
[ Oct 20 2012 12:20:28 ] [var/cache/translation/f1fa2db4683ed697d014961bf03dd47c/fre-FR/b5cf7a1e1707f09304b95b5b5f5eec2b.php]
[ Oct 20 2012 12:20:28 ] [var/cache/translation/f1fa2db4683ed697d014961bf03dd47c/fre-FR/f11e2058ebf13fc6f3b8f0407bc5defc.php]
[ Oct 20 2012 12:20:28 ] [var/cache/translation/f1fa2db4683ed697d014961bf03dd47c/fre-FR/8cbfb675fbe502cb98049f794e8bdd67.php]
[ Oct 20 2012 12:20:28 ] [var/cache/translation/f1fa2db4683ed697d014961bf03dd47c/fre-FR/3fdb2a9f332190ae5ea5837cc8fd6cee.php]
[ Oct 20 2012 12:20:28 ] [var/cache/translation/f1fa2db4683ed697d014961bf03dd47c/fre-FR/c3bb2bdd47ccbcef83bc9dbd70b4788e.php]
[ Oct 20 2012 12:20:28 ] [var/cache/translation/f1fa2db4683ed697d014961bf03dd47c/fre-FR/3d45c6966d668750520ab85f95725752.php]
[ Oct 20 2012 12:20:28 ] [var/cache/translation/f1fa2db4683ed697d014961bf03dd47c/fre-FR/586568b4fde98821eda27d47cf680c8f.php]
[ Oct 20 2012 12:20:28 ] [var/cache/translation/f1fa2db4683ed697d014961bf03dd47c/fre-FR/aeb1dd8f300950dd3b22b753cf6caea9.php]
[ Oct 20 2012 12:20:28 ] [var/cache/translation/f1fa2db4683ed697d014961bf03dd47c/fre-FR/2ebcc3cf1ed57c935ff0249254b6bf0a.php]
[ Oct 20 2012 12:20:28 ] [var/cache/translation/f1fa2db4683ed697d014961bf03dd47c/fre-FR/8a838fef5f48b7bcb88a07433892888d.php]
[ Oct 20 2012 12:20:28 ] [var/cache/translation/f1fa2db4683ed697d014961bf03dd47c/fre-FR/b12a2feffd188190c77c9e02eec03bf7.php]
[ Oct 20 2012 12:20:28 ] [var/cache/translation/f1fa2db4683ed697d014961bf03dd47c/fre-FR/8daf2796ce912ec123fee8c75d107449.php]
[ Oct 20 2012 12:20:28 ] [var/cache/translation/f1fa2db4683ed697d014961bf03dd47c/fre-FR/0b1f59fe6e77e247af1eec110054af4c.php]
[ Oct 20 2012 12:20:28 ] [var/cache/translation/f1fa2db4683ed697d014961bf03dd47c/fre-FR/a0677499c8a089b8297e420105df3f8b.php]
[ Oct 20 2012 12:20:28 ] [var/cache/translation/f1fa2db4683ed697d014961bf03dd47c/fre-FR/b007ba4ccffd867b17d6c240331312f5.php]
[ Oct 20 2012 12:20:28 ] [var/cache/translation/f1fa2db4683ed697d014961bf03dd47c/fre-FR/36b1bd4f7091aed2e9fc814eb3471d52.php]
[ Oct 20 2012 12:20:28 ] [var/cache/translation/f1fa2db4683ed697d014961bf03dd47c/fre-FR/ebe57ebf65da8f6d5045116e346d6c57.php]
[ Oct 20 2012 12:20:28 ] [var/cache/translation/f1fa2db4683ed697d014961bf03dd47c/fre-FR/79bce2538b9d7810eeb2179f86f7ad7f.php]
[ Oct 20 2012 12:20:28 ] [var/cache/translation/f1fa2db4683ed697d014961bf03dd47c/fre-FR/c7893e69d8d39407ae0dd1bae18e85c5.php]
[ Oct 20 2012 12:20:28 ] [var/cache/translation/f1fa2db4683ed697d014961bf03dd47c/fre-FR/57922bb4c07907dd3d32869650fadb67.php]
[ Oct 20 2012 12:20:28 ] [var/cache/translation/f1fa2db4683ed697d014961bf03dd47c/fre-FR/26e9398785407db433c986f10f49531e.php]
[ Oct 20 2012 12:20:28 ] [var/cache/translation/f1fa2db4683ed697d014961bf03dd47c/fre-FR/e16b29539b04e276cdcc20b5a7de3da4.php]
[ Oct 20 2012 12:20:28 ] [var/cache/translation/f1fa2db4683ed697d014961bf03dd47c/fre-FR/6e2cc964027cc18ae365b6276e77911a.php]
[ Oct 20 2012 12:20:28 ] [var/cache/translation/f1fa2db4683ed697d014961bf03dd47c/fre-FR/3f8e28b6defc3223d4bc504fb0cfc6e1.php]
[ Oct 20 2012 12:20:28 ] [var/cache/translation/f1fa2db4683ed697d014961bf03dd47c/fre-FR/af179b2a337389cd60a919c8dc9f74e1.php]
[ Oct 20 2012 12:20:28 ] [var/cache/translation/f1fa2db4683ed697d014961bf03dd47c/fre-FR/0ceacd617cb763b4a591930439d3df31.php]
[ Oct 20 2012 12:20:28 ] [var/cache/translation/f1fa2db4683ed697d014961bf03dd47c/fre-FR/ed4047cd0854495daa231729c6ffb2bf.php]
[ Oct 20 2012 12:20:28 ] [var/cache/translation/f1fa2db4683ed697d014961bf03dd47c/fre-FR/3b41be3ba98187a6feb51f53d333523b.php]
[ Oct 20 2012 12:20:28 ] [var/cache/translation/f1fa2db4683ed697d014961bf03dd47c/fre-FR/c38a1a2140f912675c3739c84f91faf7.php]
[ Oct 20 2012 12:20:28 ] [var/cache/translation/f1fa2db4683ed697d014961bf03dd47c/fre-FR/1b8d9daee84fbbab409d05664015ceaf.php]
[ Oct 20 2012 12:20:28 ] [var/cache/translation/f1fa2db4683ed697d014961bf03dd47c/fre-FR/0a3ffcb24aaf53d2768e6ec4e5e87de2.php]
[ Oct 20 2012 12:20:28 ] [var/cache/translation/f1fa2db4683ed697d014961bf03dd47c/fre-FR/e69a71c1d740177b35f7920066592cff.php]
[ Oct 20 2012 12:20:28 ] [var/cache/translation/f1fa2db4683ed697d014961bf03dd47c/fre-FR/0451bdfcbf48eed8ccb374f1332e2d10.php]
[ Oct 20 2012 12:20:28 ] [var/cache/translation/f1fa2db4683ed697d014961bf03dd47c/fre-FR/3d04371854761dfd6f068b19a2881d7e.php]
[ Oct 20 2012 12:20:28 ] [var/cache/translation/f1fa2db4683ed697d014961bf03dd47c/fre-FR/26cfc1fbb9ab0f50d465c0efed9b5a72.php]
[ Oct 20 2012 12:20:28 ] [var/cache/translation/f1fa2db4683ed697d014961bf03dd47c/fre-FR/a69d9b97bd9cf1f303f6eaeb07bc5934.php]
[ Oct 20 2012 12:20:28 ] [var/cache/translation/f1fa2db4683ed697d014961bf03dd47c/fre-FR/f73ca849cc850e4c759392af91700cae.php]
[ Oct 20 2012 12:20:28 ] [var/cache/translation/f1fa2db4683ed697d014961bf03dd47c/fre-FR/ac59be445f74d45ff9b9a5889f18e94b.php]
[ Oct 20 2012 12:20:28 ] [var/cache/translation/f1fa2db4683ed697d014961bf03dd47c/fre-FR/306a256390f6b6cab38739bb1cc6a815.php]
[ Oct 20 2012 12:20:28 ] [var/cache/translation/f1fa2db4683ed697d014961bf03dd47c/fre-FR/3602884c40bb149044b1575e7b2f2576.php]
[ Oct 20 2012 12:20:28 ] [var/cache/translation/f1fa2db4683ed697d014961bf03dd47c/fre-FR/fb54f3c5992b96d001bb16e8e92d968d.php]
[ Oct 20 2012 12:20:28 ] [var/cache/translation/f1fa2db4683ed697d014961bf03dd47c/fre-FR/97a6d738ccb6e22d6e69e6e93f5f8733.php]
